This is pdfTeX, Version 3.1415926-2.3-1.40.12 (MiKTeX 2.9) (preloaded format=pdflatex 2018.3.20)  29 AUG 2019 21:14
entering extended mode
**Template.tex
(E:\WorkSpace\GitHub_WorkSpace\1111\second-work\template\Template.tex
LaTeX2e <2011/06/27>
Babel <v3.8m> and hyphenation patterns for loaded.
(D:\è½¯ä»¶\CTEX\MiKTeX\tex\latex\base\article.cls
Document Class: article 2007/10/19 v1.4h Standard LaTeX document class
(D:\è½¯ä»¶\CTEX\MiKTeX\tex\latex\base\size10.clo
File: size10.clo 2007/10/19 v1.4h Standard LaTeX file (size option)
)
\c@part=\count79
\c@section=\count80
\c@subsection=\count81
\c@subsubsection=\count82
\c@paragraph=\count83
\c@subparagraph=\count84
\c@figure=\count85
\c@table=\count86
\abovecaptionskip=\skip41
\belowcaptionskip=\skip42
\bibindent=\dimen102
)
(E:\WorkSpace\GitHub_WorkSpace\1111\second-work\template\spconf.sty)
(D:\è½¯ä»¶\CTEX\MiKTeX\tex\latex\ams\math\amsmath.sty
Package: amsmath 2000/07/18 v2.13 AMS math features
\@mathmargin=\skip43

For additional information on amsmath, use the `?' option.
(D:\è½¯ä»¶\CTEX\MiKTeX\tex\latex\ams\math\amstext.sty
Package: amstext 2000/06/29 v2.01

(D:\è½¯ä»¶\CTEX\MiKTeX\tex\latex\ams\math\amsgen.sty
File: amsgen.sty 1999/11/30 v2.0
\@emptytoks=\toks14
\ex@=\dimen103
))
(D:\è½¯ä»¶\CTEX\MiKTeX\tex\latex\ams\math\amsbsy.sty
Package: amsbsy 1999/11/29 v1.2d
\pmbraise@=\dimen104
)
(D:\è½¯ä»¶\CTEX\MiKTeX\tex\latex\ams\math\amsopn.sty
Package: amsopn 1999/12/14 v2.01 operator names
)
\inf@bad=\count87
LaTeX Info: Redefining \frac on input line 211.
\uproot@=\count88
\leftroot@=\count89
LaTeX Info: Redefining \overline on input line 307.
\classnum@=\count90
\DOTSCASE@=\count91
LaTeX Info: Redefining \ldots on input line 379.
LaTeX Info: Redefining \dots on input line 382.
LaTeX Info: Redefining \cdots on input line 467.
\Mathstrutbox@=\box26
\strutbox@=\box27
\big@size=\dimen105
LaTeX Font Info:    Redeclaring font encoding OML on input line 567.
LaTeX Font Info:    Redeclaring font encoding OMS on input line 568.
\macc@depth=\count92
\c@MaxMatrixCols=\count93
\dotsspace@=\muskip10
\c@parentequation=\count94
\dspbrk@lvl=\count95
\tag@help=\toks15
\row@=\count96
\column@=\count97
\maxfields@=\count98
\andhelp@=\toks16
\eqnshift@=\dimen106
\alignsep@=\dimen107
\tagshift@=\dimen108
\tagwidth@=\dimen109
\totwidth@=\dimen110
\lineht@=\dimen111
\@envbody=\toks17
\multlinegap=\skip44
\multlinetaggap=\skip45
\mathdisplay@stack=\toks18
LaTeX Info: Redefining \[ on input line 2666.
LaTeX Info: Redefining \] on input line 2667.
)
(D:\è½¯ä»¶\CTEX\MiKTeX\tex\latex\graphics\graphicx.sty
Package: graphicx 1999/02/16 v1.0f Enhanced LaTeX Graphics (DPC,SPQR)

(D:\è½¯ä»¶\CTEX\MiKTeX\tex\latex\graphics\keyval.sty
Package: keyval 1999/03/16 v1.13 key=value parser (DPC)
\KV@toks@=\toks19
)
(D:\è½¯ä»¶\CTEX\MiKTeX\tex\latex\graphics\graphics.sty
Package: graphics 2009/02/05 v1.0o Standard LaTeX Graphics (DPC,SPQR)

(D:\è½¯ä»¶\CTEX\MiKTeX\tex\latex\graphics\trig.sty
Package: trig 1999/03/16 v1.09 sin cos tan (DPC)
)
(D:\è½¯ä»¶\CTEX\MiKTeX\tex\latex\00miktex\graphics.cfg
File: graphics.cfg 2007/01/18 v1.5 graphics configuration of teTeX/TeXLive
)
Package graphics Info: Driver file: pdftex.def on input line 91.

(D:\è½¯ä»¶\CTEX\MiKTeX\tex\latex\pdftex-def\pdftex.def
File: pdftex.def 2011/05/27 v0.06d Graphics/color for pdfTeX

(D:\è½¯ä»¶\CTEX\MiKTeX\tex\generic\oberdiek\infwarerr.sty
Package: infwarerr 2010/04/08 v1.3 Providing info/warning/message (HO)
)
(D:\è½¯ä»¶\CTEX\MiKTeX\tex\generic\oberdiek\ltxcmds.sty
Package: ltxcmds 2011/04/18 v1.20 LaTeX kernel commands for general use (HO)
)
\Gread@gobject=\count99
))
\Gin@req@height=\dimen112
\Gin@req@width=\dimen113
)
(D:\è½¯ä»¶\CTEX\MiKTeX\tex\latex\oberdiek\epstopdf.sty
Package: epstopdf 2010/02/09 v2.5 Conversion with epstopdf on the fly (HO)

(D:\è½¯ä»¶\CTEX\MiKTeX\tex\latex\oberdiek\epstopdf-base.sty
Package: epstopdf-base 2010/02/09 v2.5 Base part for package epstopdf

(D:\è½¯ä»¶\CTEX\MiKTeX\tex\latex\oberdiek\grfext.sty
Package: grfext 2010/08/19 v1.1 Managing graphics extensions (HO)

(D:\è½¯ä»¶\CTEX\MiKTeX\tex\generic\oberdiek\kvdefinekeys.sty
Package: kvdefinekeys 2011/04/07 v1.3 Defining keys (HO)
))
(D:\è½¯ä»¶\CTEX\MiKTeX\tex\latex\oberdiek\kvoptions.sty
Package: kvoptions 2010/12/23 v3.10 Keyval support for LaTeX options (HO)

(D:\è½¯ä»¶\CTEX\MiKTeX\tex\generic\oberdiek\kvsetkeys.sty
Package: kvsetkeys 2011/04/07 v1.13 Key value parser (HO)

(D:\è½¯ä»¶\CTEX\MiKTeX\tex\generic\oberdiek\etexcmds.sty
Package: etexcmds 2011/02/16 v1.5 Prefix for e-TeX command names (HO)

(D:\è½¯ä»¶\CTEX\MiKTeX\tex\generic\oberdiek\ifluatex.sty
Package: ifluatex 2010/03/01 v1.3 Provides the ifluatex switch (HO)
Package ifluatex Info: LuaTeX not detected.
)
Package etexcmds Info: Could not find \expanded.
(etexcmds)             That can mean that you are not using pdfTeX 1.50 or
(etexcmds)             that some package has redefined \expanded.
(etexcmds)             In the latter case, load this package earlier.
)))
(D:\è½¯ä»¶\CTEX\MiKTeX\tex\generic\oberdiek\pdftexcmds.sty
Package: pdftexcmds 2011/04/22 v0.16 Utilities of pdfTeX for LuaTeX (HO)

(D:\è½¯ä»¶\CTEX\MiKTeX\tex\generic\oberdiek\ifpdf.sty
Package: ifpdf 2011/01/30 v2.3 Provides the ifpdf switch (HO)
Package ifpdf Info: pdfTeX in PDF mode is detected.
)
Package pdftexcmds Info: LuaTeX not detected.
Package pdftexcmds Info: \pdf@primitive is available.
Package pdftexcmds Info: \pdf@ifprimitive is available.
Package pdftexcmds Info: \pdfdraftmode found.
)
Package grfext Info: Graphics extension search list:
(grfext)             [.png,.pdf,.jpg,.mps,.jpeg,.jbig2,.jb2,.PNG,.PDF,.JPG,.JPE
G,.JBIG2,.JB2,.eps]
(grfext)             \AppendGraphicsExtensions on input line 452.
))
(D:\è½¯ä»¶\CTEX\MiKTeX\tex\latex\float\float.sty
Package: float 2001/11/08 v1.3d Float enhancements (AL)
\c@float@type=\count100
\float@exts=\toks20
\float@box=\box28
\@float@everytoks=\toks21
\@floatcapt=\box29
)
(E:\WorkSpace\GitHub_WorkSpace\1111\second-work\template\Template.aux)
LaTeX Font Info:    Checking defaults for OML/cmm/m/it on input line 24.
LaTeX Font Info:    ... okay on input line 24.
LaTeX Font Info:    Checking defaults for T1/cmr/m/n on input line 24.
LaTeX Font Info:    ... okay on input line 24.
LaTeX Font Info:    Checking defaults for OT1/cmr/m/n on input line 24.
LaTeX Font Info:    ... okay on input line 24.
LaTeX Font Info:    Checking defaults for OMS/cmsy/m/n on input line 24.
LaTeX Font Info:    ... okay on input line 24.
LaTeX Font Info:    Checking defaults for OMX/cmex/m/n on input line 24.
LaTeX Font Info:    ... okay on input line 24.
LaTeX Font Info:    Checking defaults for U/cmr/m/n on input line 24.
LaTeX Font Info:    ... okay on input line 24.
LaTeX Font Info:    Try loading font information for OT1+ptm on input line 24.

(D:\è½¯ä»¶\CTEX\MiKTeX\tex\latex\psnfss\ot1ptm.fd
File: ot1ptm.fd 2001/06/04 font definitions for OT1/ptm.
)
(D:\è½¯ä»¶\CTEX\MiKTeX\tex\context\base\supp-pdf.mkii
[Loading MPS to PDF converter (version 2006.09.02).]
\scratchcounter=\count101
\scratchdimen=\dimen114
\scratchbox=\box30
\nofMPsegments=\count102
\nofMParguments=\count103
\everyMPshowfont=\toks22
\MPscratchCnt=\count104
\MPscratchDim=\dimen115
\MPnumerator=\count105
\makeMPintoPDFobject=\count106
\everyMPtoPDFconversion=\toks23
)
LaTeX Font Info:    Font shape `OT1/ptm/bx/n' in size <12> not available
(Font)              Font shape `OT1/ptm/b/n' tried instead on input line 27.
LaTeX Font Info:    Font shape `OT1/ptm/bx/n' in size <10> not available
(Font)              Font shape `OT1/ptm/b/n' tried instead on input line 29.
LaTeX Font Info:    Font shape `OT1/ptm/bx/it' in size <10> not available
(Font)              Font shape `OT1/ptm/b/it' tried instead on input line 33.
Package epstopdf Info: Source file: <pic1.eps>
(epstopdf)                    date: 2019-08-29 20:46:08
(epstopdf)                    size: 16289054 bytes
(epstopdf)             Output file: <pic1-eps-converted-to.pdf>
(epstopdf)                    date: 2019-08-29 20:46:54
(epstopdf)                    size: 1068376 bytes
(epstopdf)             Command: <epstopdf --outfile=pic1-eps-converted-to.pdf p
ic1.eps>
(epstopdf)             \includegraphics on input line 42.
Package epstopdf Info: Output file is already uptodate.
 <pic1-eps-converted-to.pdf, id=1, 750.805pt x 539.01375pt>
File: pic1-eps-converted-to.pdf Graphic file (type pdf)

<use pic1-eps-converted-to.pdf>
Package pdftex.def Info: pic1-eps-converted-to.pdf used on input line 42.
(pdftex.def)             Requested size: 253.22952pt x 181.79825pt.
Package epstopdf Info: Source file: <pic2-4.eps>
(epstopdf)                    date: 2019-08-29 16:38:05
(epstopdf)                    size: 3466280 bytes
(epstopdf)             Output file: <pic2-4-eps-converted-to.pdf>
(epstopdf)                    date: 2019-08-29 16:38:23
(epstopdf)                    size: 188188 bytes
(epstopdf)             Command: <epstopdf --outfile=pic2-4-eps-converted-to.pdf
 pic2-4.eps>
(epstopdf)             \includegraphics on input line 47.
Package epstopdf Info: Output file is already uptodate.

<pic2-4-eps-converted-to.pdf, id=2, 1468.48625pt x 503.8825pt>
File: pic2-4-eps-converted-to.pdf Graphic file (type pdf)

<use pic2-4-eps-converted-to.pdf>
Package pdftex.def Info: pic2-4-eps-converted-to.pdf used on input line 47.
(pdftex.def)             Requested size: 481.13454pt x 165.09pt.

Underfull \hbox (badness 1163) in paragraph at lines 51--52
\OT1/ptm/m/n/10 meth-od-s are most-ly de-vot-ed to dis-tin-guish-ing d-if-fer-e
nce
 []

[1{D:/è½¯ä»¶/CTEX/UserData/pdftex/config/pdftex.map{Unicode.sfd}{UGBK.sfd}}



 <E:/WorkSpace/GitHub_WorkSpace/1111/second-work/template/pic1-eps-converted-to
.pdf>] [2 <E:/WorkSpace/GitHub_WorkSpace/1111/second-work/template/pic2-4-eps-c
onverted-to.pdf>]
Package epstopdf Info: Source file: <pic3.eps>
(epstopdf)                    date: 2019-08-18 10:55:13
(epstopdf)                    size: 5067535 bytes
(epstopdf)             Output file: <pic3-eps-converted-to.pdf>
(epstopdf)                    date: 2019-08-18 10:55:34
(epstopdf)                    size: 1168834 bytes
(epstopdf)             Command: <epstopdf --outfile=pic3-eps-converted-to.pdf p
ic3.eps>
(epstopdf)             \includegraphics on input line 98.
Package epstopdf Info: Output file is already uptodate.
 <pic3-eps-converted-to.pdf, id=212, 807.015pt x 525.965pt>
File: pic3-eps-converted-to.pdf Graphic file (type pdf)

<use pic3-eps-converted-to.pdf>
Package pdftex.def Info: pic3-eps-converted-to.pdf used on input line 98.
(pdftex.def)             Requested size: 481.13454pt x 313.57503pt.

Overfull \hbox (0.89407pt too wide) in paragraph at lines 104--105
\OT1/ptm/m/n/10 In or-der to e-val-u-ate the pa-ram-e-ter ef-fec-tive-ness of o
ur MDDN,
 []


Underfull \vbox (badness 1910) has occurred while \output is active []

 [3]
Underfull \hbox (badness 3919) in paragraph at lines 108--113
\OT1/ptm/m/n/10 state-of-the-art meth-od-s.Comparison with state-of-the-art
 []


Underfull \hbox (badness 1038) in paragraph at lines 108--113
\OT1/ptm/m/n/10 son with state-of-the-art meth-od-s.Comparison with state-
 []


Underfull \hbox (badness 1038) in paragraph at lines 108--113
\OT1/ptm/m/n/10 son with state-of-the-art meth-od-s.Comparison with state-
 []

[4 <E:/WorkSpace/GitHub_WorkSpace/1111/second-work/template/pic3-eps-converted-
to.pdf>] (E:\WorkSpace\GitHub_WorkSpace\1111\second-work\template\Template.bbl
Underfull \hbox (badness 2035) in paragraph at lines 36--39
[]\OT1/ptm/m/n/10 C.D. Jones, A.B. Smith, and E.F. Robert-s,  ``A
 []

Missing character: There is no ¨ in font ptmr7t!
Missing character: There is no ¢ in font ptmr7t!
) [5] (E:\WorkSpace\GitHub_WorkSpace\1111\second-work\template\Template.aux) ) 
Here is how much of TeX's memory you used:
 2246 strings out of 495354
 30217 string characters out of 3183467
 93401 words of memory out of 3000000
 5379 multiletter control sequences out of 15000+200000
 20508 words of font info for 44 fonts, out of 3000000 for 9000
 14 hyphenation exceptions out of 8191
 42i,11n,23p,2097b,294s stack positions out of 5000i,500n,10000p,200000b,50000s
{
D:/è½¯ä»¶/CTEX/MiKTeX/fonts/enc/dvips/fontname/8r.enc}<D:/è½¯ä»¶/CTEX/MiKTeX/fo
nts/type1/public/amsfonts/cm/cmsy10.pfb><D:/è½¯ä»¶/CTEX/MiKTeX/fonts/type1/urw/
times/utmb8a.pfb><D:/è½¯ä»¶/CTEX/MiKTeX/fonts/type1/urw/times/utmbi8a.pfb><D:/è
½¯ä»¶/CTEX/MiKTeX/fonts/type1/urw/times/utmr8a.pfb><D:/è½¯ä»¶/CTEX/MiKTeX/fonts
/type1/urw/times/utmri8a.pfb>
Output written on Template.pdf (5 pages, 2488305 bytes).
PDF statistics:
 242 PDF objects out of 1000 (max. 8388607)
 0 named destinations out of 1000 (max. 500000)
 16 words of extra memory for PDF output out of 10000 (max. 10000000)

